SF:lib/presentation/bloc/list/movie_list_event.dart
DA:4,5
DA:6,0
DA:7,0
LF:3
LH:1
end_of_record
SF:lib/presentation/bloc/list/movie_list_state.dart
DA:6,5
DA:8,3
DA:9,3
DA:19,5
DA:21,3
DA:22,6
DA:28,5
DA:30,3
DA:31,6
LF:9
LH:9
end_of_record
SF:lib/presentation/bloc/list/top_rated_movies_bloc.dart
DA:10,3
DA:11,2
DA:12,2
DA:14,2
DA:16,1
DA:17,1
DA:18,3
DA:20,1
DA:21,2
LF:9
LH:9
end_of_record
SF:lib/presentation/pages/top_rated_movies_page.dart
DA:11,1
DA:12,1
DA:16,1
DA:18,1
DA:19,2
DA:20,4
DA:23,1
DA:25,1
DA:26,1
DA:27,1
DA:29,1
DA:31,1
DA:32,1
DA:33,1
DA:34,1
DA:35,1
DA:37,1
DA:38,1
DA:39,1
DA:40,1
DA:41,1
DA:42,1
DA:44,1
DA:46,1
DA:47,1
DA:48,2
DA:51,1
LF:27
LH:27
end_of_record
SF:lib/presentation/bloc/detail/movie_detail_bloc.dart
DA:10,3
DA:11,2
DA:12,2
DA:14,3
DA:16,1
DA:17,1
DA:18,3
DA:20,1
DA:21,2
LF:9
LH:9
end_of_record
SF:lib/presentation/bloc/detail/movie_detail_event.dart
DA:7,2
LF:1
LH:1
end_of_record
SF:lib/presentation/bloc/detail/movie_detail_state.dart
DA:6,2
DA:8,1
DA:9,1
DA:19,2
DA:25,2
LF:5
LH:5
end_of_record
SF:lib/presentation/bloc/recommendations/movie_recommendations_list_event.dart
DA:4,2
DA:6,0
DA:7,0
DA:13,2
LF:4
LH:2
end_of_record
SF:lib/presentation/bloc/recommendations/movie_recommendations_list_state.dart
DA:6,2
DA:8,1
DA:9,1
DA:21,2
DA:23,1
DA:24,2
DA:30,2
DA:32,1
DA:33,2
LF:9
LH:9
end_of_record
SF:lib/presentation/bloc/recommendations/movies_recommendations_list_bloc.dart
DA:11,1
DA:12,2
DA:13,2
DA:14,2
DA:16,3
DA:18,1
DA:19,1
DA:20,3
DA:22,1
DA:23,2
LF:10
LH:10
end_of_record
SF:lib/presentation/bloc/watchlist_status/watchlist_movie_status_cubit.dart
DA:16,1
DA:20,1
DA:23,1
DA:24,2
DA:25,2
DA:28,1
DA:29,2
DA:30,3
DA:32,1
DA:33,1
DA:34,2
DA:35,1
DA:39,1
DA:40,2
DA:48,1
DA:49,2
DA:50,3
DA:52,1
DA:53,1
DA:54,2
DA:55,1
DA:59,1
DA:60,2
DA:73,17
DA:78,1
DA:79,2
LF:26
LH:26
end_of_record
SF:lib/presentation/pages/movie_detail_page.dart
DA:21,2
DA:23,1
DA:24,1
DA:28,1
DA:30,1
DA:31,2
DA:32,6
DA:33,1
DA:34,1
DA:35,4
DA:36,5
DA:40,1
DA:42,1
DA:43,1
DA:44,1
DA:45,1
DA:47,1
DA:48,1
DA:49,2
DA:51,1
DA:52,1
DA:53,1
DA:55,1
DA:69,2
DA:71,1
DA:73,3
DA:74,1
DA:75,1
DA:76,1
DA:77,3
DA:79,1
DA:82,0
DA:84,1
DA:86,1
DA:87,1
DA:88,1
DA:98,1
DA:99,1
DA:100,1
DA:102,1
DA:104,1
DA:106,1
DA:107,1
DA:108,2
DA:109,1
DA:111,1
DA:113,1
DA:114,1
DA:115,1
DA:116,0
DA:119,0
DA:120,0
DA:123,0
DA:124,0
DA:128,0
DA:129,0
DA:130,0
DA:132,0
DA:135,0
DA:138,0
DA:139,0
DA:140,0
DA:141,0
DA:142,0
DA:144,0
DA:146,0
DA:147,0
DA:148,0
DA:153,1
DA:155,1
DA:165,1
DA:166,3
DA:168,1
DA:169,3
DA:171,1
DA:172,1
DA:173,1
DA:174,3
DA:176,1
DA:182,4
DA:186,1
DA:188,1
DA:190,1
DA:191,2
DA:194,1
DA:196,1
DA:199,1
DA:201,1
DA:203,1
DA:208,1
DA:209,0
DA:211,1
DA:212,1
DA:214,1
DA:216,1
DA:217,2
DA:218,1
DA:220,1
DA:221,0
DA:222,0
DA:225,0
DA:228,1
DA:233,1
DA:235,2
DA:236,1
DA:242,0
DA:249,2
DA:263,1
DA:265,1
DA:280,1
DA:282,1
DA:285,1
DA:287,0
DA:288,0
DA:297,1
DA:299,2
DA:300,3
DA:303,1
DA:307,3
DA:310,1
DA:311,1
DA:312,1
DA:314,1
DA:315,1
DA:317,0
LF:125
LH:97
end_of_record
SF:lib/presentation/widgets/movie_card_list.dart
DA:11,5
DA:13,5
DA:15,5
DA:17,5
DA:18,0
DA:19,0
DA:22,0
DA:25,5
DA:27,5
DA:28,5
DA:29,5
DA:35,5
DA:37,5
DA:38,5
DA:39,10
DA:42,5
DA:44,5
DA:45,10
DA:46,5
DA:47,15
DA:49,10
DA:55,25
DA:57,5
DA:58,5
DA:59,10
DA:67,5
DA:72,5
DA:73,5
DA:74,15
DA:76,10
DA:77,5
DA:79,0
DA:81,10
LF:33
LH:29
end_of_record
SF:lib/presentation/bloc/list/popular_movies_bloc.dart
DA:10,3
DA:11,2
DA:12,2
DA:14,2
DA:16,1
DA:17,1
DA:18,3
DA:20,1
DA:21,2
LF:9
LH:9
end_of_record
SF:lib/presentation/bloc/search/search_bloc.dart
DA:12,3
DA:13,2
DA:14,1
DA:16,2
DA:17,2
DA:19,1
DA:20,1
DA:21,3
DA:23,1
DA:24,2
DA:27,1
DA:30,1
DA:31,3
LF:13
LH:13
end_of_record
SF:lib/presentation/bloc/search/search_event.dart
DA:4,1
DA:6,0
DA:7,0
DA:13,1
DA:15,0
DA:16,0
LF:6
LH:2
end_of_record
SF:lib/presentation/bloc/search/search_state.dart
DA:6,2
DA:8,1
DA:9,1
DA:19,2
DA:21,1
DA:22,2
DA:28,2
DA:30,1
DA:31,2
LF:9
LH:9
end_of_record
SF:lib/presentation/pages/popular_movies_page.dart
DA:11,1
DA:12,1
DA:16,1
DA:18,1
DA:19,1
DA:20,5
DA:23,1
DA:25,1
DA:26,1
DA:27,1
DA:29,1
DA:31,1
DA:32,1
DA:33,1
DA:34,1
DA:35,1
DA:37,1
DA:38,1
DA:39,1
DA:40,1
DA:41,1
DA:42,1
DA:44,1
DA:46,1
DA:47,1
DA:48,2
DA:51,1
LF:27
LH:27
end_of_record
SF:lib/presentation/pages/search_page.dart
DA:12,1
DA:14,1
DA:15,1
DA:16,1
DA:18,1
DA:20,1
DA:22,1
DA:23,1
DA:24,0
DA:25,0
DA:27,1
DA:29,1
DA:30,1
DA:34,1
DA:35,1
DA:37,1
DA:39,1
DA:40,1
DA:41,1
DA:43,1
DA:44,1
DA:45,1
DA:46,1
DA:48,1
DA:49,1
DA:50,1
DA:52,1
DA:55,1
DA:56,1
DA:57,2
DA:60,1
DA:61,1
LF:32
LH:30
end_of_record
SF:lib/presentation/bloc/watchlist/watchlist_movies_bloc.dart
DA:11,1
DA:12,2
DA:13,2
DA:14,2
DA:16,2
DA:18,1
DA:19,0
DA:20,0
DA:22,1
DA:23,2
LF:10
LH:8
end_of_record
SF:lib/presentation/bloc/watchlist/watchlist_movies_state.dart
DA:6,2
DA:8,1
DA:9,1
DA:19,2
DA:21,1
DA:22,2
DA:28,1
LF:7
LH:7
end_of_record
SF:lib/presentation/pages/watchlist_movies_page.dart
DA:12,1
DA:13,1
DA:18,1
DA:20,1
DA:21,2
DA:22,4
DA:25,1
DA:27,1
DA:28,4
DA:31,0
DA:32,0
DA:35,1
DA:37,1
DA:38,1
DA:39,1
DA:41,1
DA:43,1
DA:44,1
DA:45,1
DA:46,1
DA:47,1
DA:49,1
DA:50,1
DA:51,1
DA:52,1
DA:53,1
DA:54,1
DA:56,1
DA:58,1
DA:59,1
DA:60,2
DA:63,1
DA:71,1
DA:73,2
DA:74,1
LF:35
LH:33
end_of_record
SF:lib/presentation/bloc/list/now_playing_movies_bloc.dart
DA:10,1
DA:11,2
DA:12,2
DA:13,2
DA:15,2
DA:17,1
DA:18,1
DA:19,3
DA:21,1
DA:22,2
LF:10
LH:10
end_of_record
