SF:lib/presentation/bloc/list/now_playing_tv_shows_bloc.dart
DA:10,1
DA:11,2
DA:12,2
DA:13,2
DA:15,2
DA:17,1
DA:18,1
DA:19,3
DA:21,1
DA:22,2
LF:10
LH:10
end_of_record
SF:lib/presentation/bloc/list/tv_show_list_event.dart
DA:4,6
DA:6,0
DA:7,0
LF:3
LH:1
end_of_record
SF:lib/presentation/bloc/list/tv_show_list_state.dart
DA:6,6
DA:8,3
DA:9,3
DA:19,6
DA:21,3
DA:22,6
DA:28,6
DA:30,3
DA:31,6
LF:9
LH:9
end_of_record
SF:lib/presentation/pages/now_playing_tv_shows_page.dart
DA:13,1
DA:14,1
DA:18,1
DA:20,1
DA:21,3
DA:22,1
DA:23,2
DA:26,1
DA:28,1
DA:29,1
DA:30,1
DA:32,1
DA:34,1
DA:35,1
DA:36,1
DA:37,1
DA:38,1
DA:40,1
DA:41,1
DA:42,1
DA:43,1
DA:44,1
DA:45,1
DA:47,1
DA:49,1
DA:50,3
DA:52,1
LF:27
LH:27
end_of_record
SF:lib/presentation/bloc/detail/tv_show_detail_bloc.dart
DA:9,1
DA:11,2
DA:12,2
DA:13,2
DA:15,3
DA:17,1
DA:18,1
DA:19,3
DA:21,1
DA:22,2
LF:10
LH:10
end_of_record
SF:lib/presentation/bloc/detail/tv_show_detail_event.dart
DA:7,2
LF:1
LH:1
end_of_record
SF:lib/presentation/bloc/detail/tv_show_detail_state.dart
DA:6,2
DA:8,1
DA:9,1
DA:19,2
DA:25,2
LF:5
LH:5
end_of_record
SF:lib/presentation/bloc/recommendations/tv_show_recommendations_list_bloc.dart
DA:11,1
DA:12,2
DA:13,2
DA:14,2
DA:16,3
DA:18,1
DA:19,1
DA:20,3
DA:22,1
DA:23,2
LF:10
LH:10
end_of_record
SF:lib/presentation/bloc/recommendations/tv_show_recommendations_list_event.dart
DA:4,2
DA:6,0
DA:7,0
DA:13,2
LF:4
LH:2
end_of_record
SF:lib/presentation/bloc/recommendations/tv_show_recommendations_list_state.dart
DA:6,2
DA:8,1
DA:9,1
DA:22,2
DA:24,1
DA:25,2
DA:31,2
DA:33,1
DA:34,2
LF:9
LH:9
end_of_record
SF:lib/presentation/bloc/watchlist_status/watchlist_tv_show_status_cubit.dart
DA:16,1
DA:20,1
DA:23,1
DA:24,2
DA:25,2
DA:28,1
DA:29,2
DA:30,3
DA:32,1
DA:33,3
DA:34,1
DA:35,3
DA:40,1
DA:41,2
DA:42,3
DA:44,1
DA:45,3
DA:46,1
DA:47,3
DA:57,18
DA:62,1
DA:63,2
LF:22
LH:22
end_of_record
SF:lib/presentation/widgets/tv_show_card_list.dart
DA:13,6
DA:15,6
DA:17,6
DA:19,6
DA:20,0
DA:21,0
DA:24,0
DA:27,6
DA:29,6
DA:30,6
DA:31,6
DA:37,6
DA:39,6
DA:40,6
DA:41,12
DA:44,6
DA:46,6
DA:47,12
DA:48,6
DA:49,18
DA:51,12
DA:57,30
DA:59,6
DA:60,6
DA:61,12
DA:69,6
DA:74,6
DA:75,6
DA:76,18
DA:78,12
DA:79,6
DA:81,0
DA:83,12
LF:33
LH:29
end_of_record
SF:lib/presentation/pages/tv_show_detail_page.dart
DA:21,1
DA:23,1
DA:24,1
DA:31,1
DA:33,1
DA:34,2
DA:35,2
DA:36,6
DA:37,1
DA:38,1
DA:39,4
DA:40,5
DA:44,1
DA:46,1
DA:47,1
DA:48,1
DA:49,1
DA:50,1
DA:51,1
DA:53,1
DA:54,1
DA:55,2
DA:57,1
DA:58,1
DA:59,2
DA:62,0
DA:72,1
DA:74,1
DA:75,1
DA:79,1
DA:81,3
DA:82,1
DA:83,1
DA:84,1
DA:86,4
DA:88,2
DA:89,1
DA:91,0
DA:93,1
DA:95,1
DA:96,1
DA:97,1
DA:98,1
DA:100,2
DA:107,1
DA:108,1
DA:109,1
DA:111,1
DA:113,1
DA:115,1
DA:116,1
DA:117,3
DA:118,1
DA:120,1
DA:122,1
DA:123,1
DA:124,1
DA:125,0
DA:128,0
DA:129,0
DA:132,0
DA:133,0
DA:137,0
DA:138,0
DA:139,0
DA:141,0
DA:144,0
DA:147,0
DA:148,0
DA:149,0
DA:150,0
DA:152,0
DA:154,0
DA:155,0
DA:160,1
DA:162,1
DA:171,1
DA:172,4
DA:174,5
DA:175,1
DA:176,1
DA:177,1
DA:178,4
DA:180,2
DA:186,5
DA:189,1
DA:190,1
DA:192,1
DA:194,1
DA:195,3
DA:197,1
DA:198,1
DA:200,1
DA:202,1
DA:204,1
DA:206,1
DA:207,0
DA:209,1
DA:210,1
DA:212,1
DA:214,1
DA:215,2
DA:216,1
DA:218,1
DA:219,0
DA:220,0
DA:223,0
DA:226,1
DA:227,1
DA:228,1
DA:230,1
DA:232,2
DA:233,1
DA:234,1
DA:236,1
DA:239,0
DA:240,0
DA:246,2
DA:250,0
DA:251,0
DA:253,0
DA:260,1
DA:262,1
DA:275,1
DA:277,1
DA:280,1
DA:281,1
DA:282,0
DA:283,0
DA:292,1
DA:294,2
DA:295,3
DA:298,1
DA:302,3
LF:134
LH:104
end_of_record
SF:lib/presentation/bloc/list/top_rated_tv_shows_bloc.dart
DA:10,1
DA:11,2
DA:12,2
DA:13,2
DA:15,2
DA:17,1
DA:18,1
DA:19,3
DA:21,1
DA:22,2
LF:10
LH:10
end_of_record
SF:lib/presentation/pages/top_rated_tv_shows_page.dart
DA:13,1
DA:14,1
DA:18,1
DA:20,1
DA:21,2
DA:22,4
DA:25,1
DA:27,1
DA:28,1
DA:29,1
DA:31,1
DA:33,1
DA:34,1
DA:35,1
DA:36,1
DA:37,1
DA:39,1
DA:40,1
DA:41,1
DA:42,1
DA:43,1
DA:44,1
DA:46,1
DA:48,1
DA:49,1
DA:50,2
DA:53,1
LF:27
LH:27
end_of_record
SF:lib/presentation/bloc/list/popular_tv_shows_bloc.dart
DA:10,3
DA:11,2
DA:12,2
DA:14,2
DA:16,1
DA:17,1
DA:18,3
DA:20,1
DA:21,2
LF:9
LH:9
end_of_record
SF:lib/presentation/pages/popular_tv_shows_page.dart
DA:13,1
DA:14,1
DA:18,1
DA:20,1
DA:21,2
DA:22,4
DA:25,1
DA:27,1
DA:28,1
DA:29,1
DA:31,1
DA:33,1
DA:34,1
DA:35,1
DA:36,1
DA:37,1
DA:39,1
DA:40,1
DA:41,1
DA:42,1
DA:43,1
DA:44,1
DA:46,1
DA:48,1
DA:49,1
DA:50,2
DA:53,1
LF:27
LH:27
end_of_record
SF:lib/presentation/bloc/watchlist/watchlist_tv_shows_bloc.dart
DA:11,1
DA:12,2
DA:13,2
DA:14,2
DA:16,2
DA:18,1
DA:19,0
DA:20,0
DA:22,1
DA:23,2
LF:10
LH:8
end_of_record
SF:lib/presentation/bloc/watchlist/watchlist_tv_shows_state.dart
DA:6,2
DA:8,1
DA:9,1
DA:19,2
DA:21,1
DA:22,2
DA:28,1
LF:7
LH:7
end_of_record
SF:lib/presentation/pages/watchlist_tv_shows_page.dart
DA:14,1
DA:15,1
DA:20,1
DA:22,1
DA:23,2
DA:24,4
DA:27,1
DA:29,1
DA:30,4
DA:33,0
DA:34,0
DA:37,1
DA:39,1
DA:40,1
DA:41,1
DA:43,1
DA:45,1
DA:46,1
DA:47,1
DA:48,1
DA:49,1
DA:51,1
DA:52,1
DA:53,1
DA:54,1
DA:55,1
DA:56,1
DA:58,1
DA:60,1
DA:61,1
DA:62,2
DA:65,1
DA:73,1
DA:75,2
DA:76,1
LF:35
LH:33
end_of_record
SF:lib/presentation/bloc/search/search_tv_show_bloc.dart
DA:11,3
DA:12,2
DA:13,1
DA:15,2
DA:16,2
DA:18,1
DA:19,1
DA:20,3
DA:22,1
DA:23,2
DA:26,1
DA:29,1
DA:30,3
LF:13
LH:13
end_of_record
SF:lib/presentation/bloc/search/search_tv_show_event.dart
DA:4,1
DA:6,0
DA:7,0
DA:13,1
DA:15,0
DA:16,0
LF:6
LH:2
end_of_record
SF:lib/presentation/bloc/search/search_tv_show_state.dart
DA:5,2
DA:7,1
DA:8,1
DA:18,2
DA:20,1
DA:21,2
DA:27,2
DA:29,1
DA:30,2
LF:9
LH:9
end_of_record
SF:lib/presentation/pages/search_page_tv_show.dart
DA:13,1
DA:15,1
DA:16,1
DA:17,1
DA:19,1
DA:21,1
DA:23,1
DA:24,1
DA:25,0
DA:26,0
DA:28,1
DA:30,1
DA:31,1
DA:35,1
DA:36,1
DA:38,1
DA:40,1
DA:41,1
DA:42,1
DA:43,1
DA:44,1
DA:45,1
DA:46,1
DA:47,1
DA:49,1
DA:50,1
DA:51,1
DA:53,1
DA:56,1
DA:57,1
DA:58,2
DA:61,1
DA:62,1
LF:33
LH:31
end_of_record
