SF:lib/common/exception.dart
DA:6,4
LF:1
LH:1
end_of_record
SF:lib/data/datasources/tv_show_local_data_source.dart
DA:18,1
DA:20,1
DA:23,2
DA:26,2
DA:30,1
DA:33,2
DA:36,2
DA:40,1
DA:42,2
DA:44,1
DA:50,1
DA:52,2
DA:53,4
LF:13
LH:13
end_of_record
SF:lib/data/models/movie/movie_table.dart
DA:16,4
DA:25,2
DA:26,1
DA:27,1
DA:28,1
DA:29,1
DA:30,1
DA:33,0
DA:34,0
DA:35,0
DA:36,0
DA:37,0
DA:38,0
DA:41,4
DA:42,2
DA:43,2
DA:44,2
DA:45,2
DA:46,2
DA:49,0
DA:50,0
DA:51,0
DA:52,0
DA:53,0
DA:54,0
DA:55,0
DA:58,2
DA:59,1
DA:60,1
DA:61,1
DA:62,1
DA:63,1
DA:66,2
DA:67,1
DA:68,1
DA:69,1
DA:70,1
DA:71,1
DA:74,4
DA:75,20
LF:40
LH:27
end_of_record
SF:lib/domain/entities/genre.dart
DA:4,14
DA:12,2
DA:13,6
LF:3
LH:3
end_of_record
SF:lib/domain/entities/movie.dart
DA:4,13
DA:20,1
DA:42,8
DA:43,8
DA:44,8
DA:45,8
DA:46,8
DA:47,8
DA:48,8
DA:49,8
DA:50,8
DA:51,8
DA:52,8
DA:53,8
DA:54,8
DA:55,8
DA:56,8
LF:17
LH:17
end_of_record
SF:lib/domain/entities/movie_detail.dart
DA:5,7
DA:33,1
DA:34,1
DA:35,1
DA:36,1
DA:37,1
DA:38,1
DA:39,1
DA:40,1
DA:41,1
DA:42,1
DA:43,1
DA:44,1
DA:45,1
LF:14
LH:14
end_of_record
SF:lib/domain/entities/tv_show/episode.dart
DA:4,2
DA:32,1
DA:33,1
DA:34,1
DA:35,1
DA:36,1
DA:37,1
DA:38,1
DA:39,1
DA:40,1
DA:41,1
DA:42,1
DA:43,1
DA:44,1
DA:45,1
LF:15
LH:15
end_of_record
SF:lib/domain/entities/tv_show/season.dart
DA:4,8
DA:24,1
DA:25,3
LF:3
LH:3
end_of_record
SF:lib/domain/entities/tv_show/tv_show.dart
DA:18,1
DA:26,14
DA:42,8
DA:43,8
DA:44,8
DA:45,8
DA:46,8
DA:47,8
DA:48,8
DA:49,8
DA:50,8
DA:51,8
DA:52,8
DA:53,8
DA:54,8
DA:55,8
DA:56,8
LF:17
LH:17
end_of_record
SF:lib/domain/entities/tv_show/tv_show_detail.dart
DA:33,7
DA:61,1
DA:62,1
DA:63,1
DA:64,1
DA:65,1
DA:66,1
DA:67,1
DA:68,1
DA:69,1
DA:70,1
DA:71,1
DA:72,1
DA:73,1
DA:74,1
DA:75,1
DA:76,1
DA:77,1
DA:78,1
DA:79,1
DA:80,1
DA:81,1
DA:82,1
DA:83,1
DA:84,1
DA:85,1
DA:86,1
LF:27
LH:27
end_of_record
SF:lib/common/failure.dart
DA:6,16
DA:8,2
DA:9,4
DA:13,28
DA:17,4
DA:21,2
DA:25,8
LF:7
LH:7
end_of_record
SF:lib/data/datasources/db/database_helper.dart
DA:9,0
DA:13,0
DA:17,0
DA:19,0
DA:26,0
DA:27,0
DA:28,0
DA:30,0
DA:34,0
DA:35,0
DA:47,0
DA:48,0
DA:49,0
DA:52,0
DA:53,0
DA:54,0
DA:57,0
DA:61,0
DA:62,0
DA:63,0
DA:66,0
DA:69,0
DA:70,0
DA:76,0
DA:77,0
DA:78,0
DA:81,0
DA:84,0
DA:85,0
DA:91,0
DA:92,0
DA:93,0
DA:96,0
DA:102,0
DA:103,0
DA:104,0
DA:107,0
DA:113,0
DA:114,0
DA:115,0
LF:40
LH:0
end_of_record
SF:lib/data/datasources/movie_local_data_source.dart
DA:18,1
DA:20,1
DA:23,2
DA:26,2
DA:30,1
DA:33,2
DA:36,2
DA:40,1
DA:42,2
DA:44,1
DA:50,1
DA:52,2
DA:53,4
LF:13
LH:13
end_of_record
SF:lib/data/datasources/movie_remote_data_source.dart
DA:29,1
DA:31,1
DA:34,3
DA:36,2
DA:37,4
DA:39,1
DA:43,1
DA:46,4
DA:48,2
DA:49,3
DA:51,1
DA:55,1
DA:57,1
DA:58,3
DA:60,2
DA:61,4
DA:63,1
DA:67,1
DA:70,3
DA:72,2
DA:73,4
DA:75,1
DA:79,1
DA:82,3
DA:84,2
DA:85,4
DA:87,1
DA:91,1
DA:93,1
DA:94,3
DA:96,2
DA:97,4
DA:99,1
LF:33
LH:33
end_of_record
SF:lib/data/datasources/tv_show_remote_data_source.dart
DA:34,1
DA:36,1
DA:39,3
DA:41,2
DA:42,4
DA:44,1
DA:48,1
DA:50,4
DA:52,2
DA:53,3
DA:55,1
DA:59,1
DA:61,1
DA:62,3
DA:64,2
DA:65,4
DA:67,1
DA:71,1
DA:74,3
DA:76,2
DA:77,4
DA:79,1
DA:83,1
DA:86,3
DA:88,2
DA:89,4
DA:91,1
DA:95,1
DA:97,1
DA:98,3
DA:100,2
DA:101,4
DA:103,1
DA:107,1
DA:109,1
DA:110,3
DA:112,2
DA:113,3
DA:114,1
DA:116,1
LF:40
LH:40
end_of_record
SF:lib/data/models/movie/movie_detail_model.dart
DA:6,2
DA:52,1
DA:53,1
DA:54,1
DA:55,1
DA:56,1
DA:57,1
DA:58,4
DA:59,1
DA:60,1
DA:61,1
DA:62,1
DA:63,1
DA:64,1
DA:65,2
DA:66,1
DA:67,1
DA:68,1
DA:69,1
DA:70,1
DA:71,1
DA:72,1
DA:73,1
DA:74,2
DA:75,1
DA:78,1
DA:79,1
DA:80,1
DA:81,1
DA:82,5
DA:83,1
DA:84,1
DA:85,1
DA:86,1
DA:87,1
DA:88,1
DA:89,1
DA:90,1
DA:91,1
DA:95,1
DA:96,1
DA:97,1
DA:98,1
DA:99,1
DA:100,1
DA:101,1
DA:102,1
DA:103,1
DA:104,1
DA:105,1
DA:106,1
DA:107,1
DA:108,1
DA:109,1
DA:110,1
DA:111,1
DA:112,1
DA:113,1
DA:114,1
DA:115,1
DA:116,1
DA:117,1
LF:62
LH:62
end_of_record
SF:lib/data/models/movie/movie_model.dart
DA:5,4
DA:35,4
DA:36,2
DA:37,2
DA:38,8
DA:39,2
DA:40,2
DA:41,2
DA:42,4
DA:43,2
DA:44,2
DA:45,2
DA:46,2
DA:47,4
DA:48,2
DA:51,2
DA:52,1
DA:53,1
DA:54,4
DA:55,1
DA:56,1
DA:57,1
DA:58,1
DA:59,1
DA:60,1
DA:61,1
DA:62,1
DA:63,1
DA:64,1
DA:67,2
DA:68,2
DA:69,2
DA:70,2
DA:71,2
DA:72,2
DA:73,2
DA:74,2
DA:75,2
DA:76,2
DA:77,2
DA:78,2
DA:79,2
DA:80,2
DA:81,2
DA:85,2
DA:86,2
DA:87,2
DA:88,2
DA:89,2
DA:90,2
DA:91,2
DA:92,2
DA:93,2
DA:94,2
DA:95,2
DA:96,2
DA:97,2
DA:98,2
DA:99,2
LF:59
LH:59
end_of_record
SF:lib/data/models/tv_show/tv_show_detail_model.dart
DA:34,2
DA:62,1
DA:63,1
DA:64,1
DA:65,1
DA:66,2
DA:67,1
DA:68,1
DA:69,4
DA:71,1
DA:72,1
DA:73,1
DA:74,2
DA:75,1
DA:76,1
DA:77,1
DA:78,1
DA:79,2
DA:80,1
DA:81,1
DA:82,1
DA:83,1
DA:84,1
DA:85,1
DA:86,1
DA:87,4
DA:89,1
DA:90,1
DA:91,1
DA:92,1
DA:96,1
DA:97,1
DA:98,1
DA:99,1
DA:100,1
DA:101,1
DA:102,5
DA:103,1
DA:104,1
DA:105,1
DA:106,1
DA:107,1
DA:108,1
DA:109,1
DA:110,1
DA:111,1
DA:112,1
DA:113,1
DA:114,1
DA:115,1
DA:116,1
DA:117,1
DA:118,5
DA:119,1
DA:120,1
DA:121,1
DA:122,1
DA:126,1
DA:127,1
DA:128,1
DA:129,1
DA:130,1
DA:131,1
DA:132,1
DA:133,1
DA:134,1
DA:135,1
DA:136,1
DA:137,1
DA:138,1
DA:139,1
DA:140,1
DA:141,1
DA:142,1
DA:143,1
DA:144,1
DA:145,1
DA:146,1
DA:147,1
DA:148,1
DA:149,1
DA:150,1
DA:151,1
LF:83
LH:83
end_of_record
SF:lib/data/models/tv_show/tv_show_episode_model.dart
DA:18,2
DA:33,1
DA:34,1
DA:35,1
DA:36,1
DA:37,1
DA:38,1
DA:39,1
DA:40,1
DA:41,1
DA:42,1
DA:43,1
DA:44,1
DA:45,2
DA:46,1
DA:50,2
DA:51,1
DA:52,1
DA:53,1
DA:54,1
DA:55,1
DA:56,1
DA:57,1
DA:58,1
DA:59,1
DA:60,1
DA:61,1
DA:62,1
DA:64,1
DA:65,1
DA:66,1
DA:67,1
DA:68,1
DA:69,1
DA:70,1
DA:71,1
DA:72,1
DA:73,1
DA:74,1
DA:75,1
DA:76,1
DA:77,1
LF:42
LH:42
end_of_record
SF:lib/data/models/tv_show/tv_show_model.dart
DA:20,4
DA:36,2
DA:37,2
DA:38,2
DA:39,2
DA:40,4
DA:41,2
DA:42,2
DA:43,4
DA:44,2
DA:45,2
DA:46,2
DA:47,4
DA:48,2
DA:49,4
DA:50,2
DA:54,1
DA:55,1
DA:56,1
DA:57,1
DA:58,1
DA:59,1
DA:60,1
DA:61,1
DA:62,1
DA:63,1
DA:64,1
DA:65,1
DA:66,1
DA:67,1
DA:68,1
DA:72,2
DA:73,2
DA:74,2
DA:75,2
DA:76,2
DA:77,2
DA:78,2
DA:79,2
DA:80,2
DA:81,2
DA:82,2
DA:83,2
DA:84,2
DA:85,2
DA:86,2
DA:90,2
DA:91,2
DA:92,2
DA:93,2
DA:94,2
DA:95,2
DA:96,2
DA:97,2
DA:98,2
DA:99,2
DA:100,2
DA:101,2
DA:102,2
DA:103,2
DA:104,2
LF:61
LH:61
end_of_record
SF:lib/data/models/movie/movie_response.dart
DA:7,2
DA:9,4
DA:10,4
DA:11,6
DA:12,6
DA:15,2
DA:16,5
DA:19,1
DA:20,2
LF:9
LH:9
end_of_record
SF:lib/data/models/tv_show/tv_show_epidsodes_response.dart
DA:7,1
DA:9,1
DA:10,1
DA:11,2
DA:12,3
DA:13,3
DA:16,0
DA:17,0
LF:8
LH:6
end_of_record
SF:lib/data/models/tv_show/tv_show_response.dart
DA:7,2
DA:9,4
DA:10,4
DA:11,6
DA:12,6
DA:15,2
DA:16,5
DA:19,1
DA:20,2
LF:9
LH:9
end_of_record
SF:lib/data/models/genre_model.dart
DA:5,4
DA:13,4
DA:14,2
DA:15,2
DA:18,2
DA:19,6
DA:22,2
DA:23,6
LF:8
LH:8
end_of_record
SF:lib/data/models/tv_show/tv_show_seasons_model.dart
DA:13,3
DA:24,1
DA:25,1
DA:26,1
DA:27,1
DA:28,1
DA:29,1
DA:30,1
DA:31,1
DA:32,1
DA:33,2
DA:37,2
DA:38,2
DA:39,2
DA:40,2
DA:41,2
DA:42,2
DA:43,2
DA:44,2
DA:45,2
DA:46,2
LF:21
LH:21
end_of_record
SF:lib/data/repositories/movie/movie_repository_impl.dart
DA:17,1
DA:22,1
DA:25,2
DA:26,5
DA:27,1
DA:28,2
DA:29,1
DA:30,2
DA:31,1
DA:32,2
DA:36,1
DA:39,2
DA:40,2
DA:41,1
DA:42,2
DA:43,1
DA:44,2
DA:45,0
DA:46,0
DA:50,1
DA:53,1
DA:54,2
DA:55,2
DA:56,3
DA:57,1
DA:58,2
DA:59,1
DA:60,2
DA:61,0
DA:62,0
DA:66,1
DA:69,2
DA:70,5
DA:71,1
DA:72,2
DA:73,1
DA:74,2
DA:75,1
DA:76,2
DA:80,1
DA:83,2
DA:84,5
DA:85,1
DA:86,2
DA:87,1
DA:88,2
DA:89,1
DA:90,2
DA:94,1
DA:97,2
DA:98,5
DA:99,1
DA:100,2
DA:101,1
DA:102,2
DA:103,0
DA:104,0
DA:108,1
DA:112,3
DA:113,1
DA:114,1
DA:115,3
DA:121,1
DA:125,3
DA:126,1
DA:127,1
DA:128,3
DA:132,1
DA:134,2
DA:138,1
DA:140,2
DA:141,5
LF:72
LH:66
end_of_record
SF:lib/data/repositories/movie/tv_show_repository_impl.dart
DA:19,1
DA:24,1
DA:27,2
DA:28,5
DA:29,1
DA:30,2
DA:31,1
DA:32,2
DA:33,0
DA:34,0
DA:38,1
DA:41,2
DA:42,2
DA:43,1
DA:44,2
DA:45,1
DA:46,2
DA:47,0
DA:48,0
DA:52,1
DA:55,2
DA:56,3
DA:57,1
DA:58,2
DA:59,1
DA:60,2
DA:61,0
DA:62,0
DA:66,1
DA:69,2
DA:70,5
DA:71,1
DA:72,2
DA:73,1
DA:74,2
DA:75,0
DA:76,0
DA:80,1
DA:83,2
DA:84,5
DA:85,1
DA:86,2
DA:87,1
DA:88,2
DA:89,0
DA:90,0
DA:94,1
DA:97,2
DA:98,5
DA:99,1
DA:100,2
DA:101,1
DA:102,2
DA:103,0
DA:104,0
DA:108,1
DA:111,1
DA:112,3
DA:113,1
DA:114,1
DA:115,3
DA:121,1
DA:125,1
DA:126,3
DA:127,1
DA:128,1
DA:129,3
DA:133,1
DA:135,2
DA:139,1
DA:141,2
DA:142,5
DA:145,0
DA:149,0
DA:150,0
DA:151,0
DA:152,0
DA:153,0
DA:154,0
LF:79
LH:60
end_of_record
SF:lib/data/models/tv_show/tv_show_table.dart
DA:13,1
DA:22,2
DA:23,1
DA:24,1
DA:25,1
DA:26,1
DA:27,1
DA:30,2
DA:31,1
DA:32,1
DA:33,1
DA:34,1
DA:35,1
DA:36,1
DA:38,0
DA:39,0
LF:16
LH:14
end_of_record
SF:lib/domain/usecases/get_top_rated_movies.dart
DA:9,1
DA:11,1
DA:12,2
LF:3
LH:3
end_of_record
SF:lib/domain/usecases/save_watchlist.dart
DA:9,1
DA:11,1
DA:12,2
LF:3
LH:3
end_of_record
SF:lib/domain/usecases/get_tv_show_episodes.dart
DA:9,1
DA:11,1
DA:12,2
LF:3
LH:3
end_of_record
SF:lib/domain/usecases/get_watchlist_tv_show.dart
DA:10,1
DA:12,1
DA:13,2
LF:3
LH:3
end_of_record
SF:lib/domain/usecases/get_watchlist_tv_show_status.dart
DA:6,1
DA:8,1
DA:9,2
LF:3
LH:3
end_of_record
SF:lib/domain/usecases/save_watchlist_tv_show.dart
DA:9,1
DA:11,1
DA:12,2
LF:3
LH:3
end_of_record
SF:lib/domain/usecases/search_tv_shows.dart
DA:10,1
DA:12,1
DA:13,2
LF:3
LH:3
end_of_record
SF:lib/domain/usecases/get_tv_show_recommendations.dart
DA:10,1
DA:12,1
DA:13,2
LF:3
LH:3
end_of_record
SF:lib/domain/usecases/get_top_rated_tv_shows.dart
DA:10,1
DA:12,1
DA:13,2
LF:3
LH:3
end_of_record
SF:lib/domain/usecases/get_tv_show_detail.dart
DA:9,1
DA:11,1
DA:12,2
LF:3
LH:3
end_of_record
SF:lib/domain/usecases/get_popular_tv_shows.dart
DA:10,1
DA:12,1
DA:13,2
LF:3
LH:3
end_of_record
SF:lib/domain/usecases/remove_watchlist_tv_show.dart
DA:9,1
DA:11,1
DA:12,2
LF:3
LH:3
end_of_record
SF:lib/domain/usecases/get_now_playing_tv_shows.dart
DA:10,1
DA:12,1
DA:13,2
LF:3
LH:3
end_of_record
SF:lib/domain/usecases/get_movie_detail.dart
DA:9,1
DA:11,1
DA:12,2
LF:3
LH:3
end_of_record
SF:lib/domain/usecases/get_movie_recommendations.dart
DA:9,1
DA:11,1
DA:12,2
LF:3
LH:3
end_of_record
SF:lib/domain/usecases/get_watchlist_movies.dart
DA:9,1
DA:11,1
DA:12,2
LF:3
LH:3
end_of_record
SF:lib/domain/usecases/get_now_playing_movies.dart
DA:9,1
DA:11,1
DA:12,2
LF:3
LH:3
end_of_record
SF:lib/domain/usecases/remove_watchlist.dart
DA:9,1
DA:11,1
DA:12,2
LF:3
LH:3
end_of_record
SF:lib/domain/usecases/get_popular_movies.dart
DA:9,1
DA:11,1
DA:12,2
LF:3
LH:3
end_of_record
SF:lib/domain/usecases/search_movies.dart
DA:9,1
DA:11,1
DA:12,2
LF:3
LH:3
end_of_record
SF:lib/domain/usecases/get_watchlist_status.dart
DA:6,1
DA:8,1
DA:9,2
LF:3
LH:3
end_of_record
SF:lib/presentation/bloc/movie/list/movie_list_event.dart
DA:4,5
DA:6,0
DA:7,0
LF:3
LH:1
end_of_record
SF:lib/presentation/bloc/movie/list/movie_list_state.dart
DA:6,5
DA:8,3
DA:9,3
DA:19,5
DA:21,3
DA:22,6
DA:28,5
DA:30,3
DA:31,6
LF:9
LH:9
end_of_record
SF:lib/presentation/bloc/movie/list/top_rated_movies_bloc.dart
DA:10,3
DA:11,2
DA:12,2
DA:14,2
DA:16,1
DA:17,1
DA:18,3
DA:20,1
DA:21,2
LF:9
LH:9
end_of_record
SF:lib/presentation/pages/top_rated_movies_page.dart
DA:12,1
DA:13,1
DA:17,1
DA:19,1
DA:20,2
DA:21,4
DA:24,1
DA:26,1
DA:27,1
DA:28,1
DA:30,1
DA:32,1
DA:33,1
DA:34,1
DA:35,1
DA:36,1
DA:38,1
DA:39,1
DA:40,1
DA:41,1
DA:42,1
DA:43,1
DA:45,1
DA:47,1
DA:48,1
DA:49,2
DA:52,1
LF:27
LH:27
end_of_record
SF:lib/common/constants.dart
DA:15,4
DA:16,2
DA:17,27
LF:3
LH:3
end_of_record
SF:lib/presentation/bloc/movie/detail/movie_detail_bloc.dart
DA:10,3
DA:11,2
DA:12,2
DA:14,3
DA:16,1
DA:17,1
DA:18,3
DA:20,1
DA:21,2
LF:9
LH:9
end_of_record
SF:lib/presentation/bloc/movie/detail/movie_detail_event.dart
DA:8,2
LF:1
LH:1
end_of_record
SF:lib/presentation/bloc/movie/detail/movie_detail_state.dart
DA:7,2
DA:9,1
DA:10,1
DA:20,2
DA:26,2
LF:5
LH:5
end_of_record
SF:lib/presentation/bloc/movie/recommendations/movie_recommendations_list_event.dart
DA:4,2
DA:6,0
DA:7,0
DA:13,2
LF:4
LH:2
end_of_record
SF:lib/presentation/bloc/movie/recommendations/movie_recommendations_list_state.dart
DA:6,2
DA:8,1
DA:9,1
DA:21,2
DA:23,1
DA:24,2
DA:30,2
DA:32,1
DA:33,2
LF:9
LH:9
end_of_record
SF:lib/presentation/bloc/movie/recommendations/movies_recommendations_list_bloc.dart
DA:11,1
DA:12,2
DA:13,2
DA:14,2
DA:16,3
DA:18,1
DA:19,1
DA:20,3
DA:22,1
DA:23,2
LF:10
LH:10
end_of_record
SF:lib/presentation/bloc/movie/watchlist_status/watchlist_movie_status_cubit.dart
DA:16,1
DA:20,1
DA:23,1
DA:24,2
DA:25,2
DA:28,1
DA:29,2
DA:30,3
DA:32,1
DA:33,1
DA:34,2
DA:35,1
DA:39,1
DA:40,2
DA:48,1
DA:49,2
DA:50,3
DA:52,1
DA:53,1
DA:54,2
DA:55,1
DA:59,1
DA:60,2
DA:73,24
DA:78,1
DA:79,2
LF:26
LH:26
end_of_record
SF:lib/presentation/pages/movie_detail_page.dart
DA:21,2
DA:23,1
DA:24,1
DA:28,1
DA:30,1
DA:31,2
DA:32,6
DA:33,1
DA:34,1
DA:35,4
DA:36,5
DA:40,1
DA:42,1
DA:43,1
DA:44,1
DA:45,1
DA:47,1
DA:48,1
DA:49,2
DA:51,1
DA:52,1
DA:53,1
DA:55,1
DA:69,2
DA:71,1
DA:73,3
DA:74,1
DA:75,1
DA:76,1
DA:77,3
DA:79,1
DA:82,0
DA:84,1
DA:86,1
DA:87,1
DA:88,1
DA:98,1
DA:99,1
DA:100,1
DA:102,1
DA:104,1
DA:106,1
DA:107,1
DA:108,2
DA:109,1
DA:111,1
DA:113,1
DA:114,1
DA:115,1
DA:116,0
DA:119,0
DA:120,0
DA:123,0
DA:124,0
DA:128,0
DA:129,0
DA:130,0
DA:132,0
DA:135,0
DA:138,0
DA:139,0
DA:140,0
DA:141,0
DA:142,0
DA:144,0
DA:146,0
DA:147,0
DA:148,0
DA:153,1
DA:155,1
DA:165,1
DA:166,3
DA:168,1
DA:169,3
DA:171,1
DA:172,1
DA:173,1
DA:174,3
DA:176,1
DA:182,4
DA:186,1
DA:188,1
DA:190,1
DA:191,2
DA:194,1
DA:196,1
DA:199,1
DA:201,1
DA:203,1
DA:208,1
DA:209,0
DA:211,1
DA:212,1
DA:214,1
DA:216,1
DA:217,2
DA:218,1
DA:220,1
DA:221,0
DA:222,0
DA:225,0
DA:228,1
DA:233,1
DA:235,2
DA:236,1
DA:242,0
DA:249,2
DA:263,1
DA:265,1
DA:280,1
DA:282,1
DA:285,1
DA:287,0
DA:288,0
DA:297,1
DA:299,2
DA:300,3
DA:303,1
DA:307,3
DA:310,1
DA:311,1
DA:312,1
DA:314,1
DA:315,1
DA:317,0
LF:125
LH:97
end_of_record
SF:lib/presentation/widgets/movie_card_list.dart
DA:11,3
DA:13,3
DA:15,3
DA:17,3
DA:18,0
DA:19,0
DA:22,0
DA:25,3
DA:27,3
DA:28,3
DA:29,3
DA:35,3
DA:37,3
DA:38,3
DA:39,6
DA:42,3
DA:44,3
DA:45,6
DA:46,3
DA:47,9
DA:49,6
DA:55,15
DA:57,3
DA:58,3
DA:59,6
DA:67,3
DA:72,3
DA:73,3
DA:74,9
DA:76,6
DA:77,3
DA:79,0
DA:81,6
LF:33
LH:29
end_of_record
SF:lib/presentation/bloc/tv_show/list/now_playing_tv_shows_bloc.dart
DA:10,1
DA:11,2
DA:12,2
DA:13,2
DA:15,2
DA:17,1
DA:18,1
DA:19,3
DA:21,1
DA:22,2
LF:10
LH:10
end_of_record
SF:lib/presentation/bloc/tv_show/list/tv_show_list_event.dart
DA:4,6
DA:6,0
DA:7,0
LF:3
LH:1
end_of_record
SF:lib/presentation/bloc/tv_show/list/tv_show_list_state.dart
DA:6,6
DA:8,3
DA:9,3
DA:19,6
DA:21,3
DA:22,6
DA:28,6
DA:30,3
DA:31,6
LF:9
LH:9
end_of_record
SF:lib/presentation/pages/now_playing_tv_shows_page.dart
DA:12,1
DA:13,1
DA:17,1
DA:19,1
DA:20,3
DA:21,1
DA:22,2
DA:25,1
DA:27,1
DA:28,1
DA:29,1
DA:31,1
DA:33,1
DA:34,1
DA:35,1
DA:36,1
DA:37,1
DA:39,1
DA:40,1
DA:41,1
DA:42,1
DA:43,1
DA:44,1
DA:46,1
DA:48,1
DA:49,3
DA:51,1
LF:27
LH:27
end_of_record
SF:lib/presentation/bloc/tv_show/detail/tv_show_detail_bloc.dart
DA:12,1
DA:14,2
DA:15,2
DA:16,2
DA:18,3
DA:20,1
DA:21,1
DA:22,3
DA:24,1
DA:25,2
LF:10
LH:10
end_of_record
SF:lib/presentation/bloc/tv_show/detail/tv_show_detail_event.dart
DA:8,2
LF:1
LH:1
end_of_record
SF:lib/presentation/bloc/tv_show/detail/tv_show_detail_state.dart
DA:8,2
DA:10,1
DA:11,1
DA:21,2
DA:27,2
LF:5
LH:5
end_of_record
SF:lib/presentation/bloc/tv_show/recommendations/tv_show_recommendations_list_bloc.dart
DA:11,1
DA:12,2
DA:13,2
DA:14,2
DA:16,3
DA:18,1
DA:19,1
DA:20,3
DA:22,1
DA:23,2
LF:10
LH:10
end_of_record
SF:lib/presentation/bloc/tv_show/recommendations/tv_show_recommendations_list_event.dart
DA:4,2
DA:6,0
DA:7,0
DA:13,2
LF:4
LH:2
end_of_record
SF:lib/presentation/bloc/tv_show/recommendations/tv_show_recommendations_list_state.dart
DA:6,2
DA:8,1
DA:9,1
DA:22,2
DA:24,1
DA:25,2
DA:31,2
DA:33,1
DA:34,2
LF:9
LH:9
end_of_record
SF:lib/presentation/bloc/tv_show/watchlist_status/watchlist_tv_show_status_cubit.dart
DA:16,1
DA:20,1
DA:23,1
DA:24,2
DA:25,2
DA:28,1
DA:29,2
DA:30,3
DA:32,1
DA:33,3
DA:34,1
DA:35,3
DA:40,1
DA:41,2
DA:42,3
DA:44,1
DA:45,3
DA:46,1
DA:47,3
DA:57,14
DA:62,1
DA:63,2
LF:22
LH:22
end_of_record
SF:lib/presentation/widgets/tv_show_card_list.dart
DA:12,4
DA:14,4
DA:16,4
DA:18,4
DA:19,0
DA:20,0
DA:23,0
DA:26,4
DA:28,4
DA:29,4
DA:30,4
DA:36,4
DA:38,4
DA:39,4
DA:40,8
DA:43,4
DA:45,4
DA:46,8
DA:47,4
DA:48,12
DA:50,8
DA:56,20
DA:58,4
DA:59,4
DA:60,8
DA:68,4
DA:73,4
DA:74,4
DA:75,12
DA:77,8
DA:78,4
DA:80,0
DA:82,8
LF:33
LH:29
end_of_record
SF:lib/presentation/pages/tv_show_detail_page.dart
DA:22,1
DA:24,1
DA:25,1
DA:32,1
DA:34,1
DA:35,2
DA:36,2
DA:37,6
DA:38,1
DA:39,1
DA:40,4
DA:41,5
DA:45,1
DA:47,1
DA:48,1
DA:49,1
DA:50,1
DA:51,1
DA:52,1
DA:54,1
DA:55,1
DA:56,2
DA:58,1
DA:59,1
DA:60,2
DA:63,0
DA:73,1
DA:75,1
DA:76,1
DA:80,1
DA:82,3
DA:83,1
DA:84,1
DA:85,1
DA:87,4
DA:89,2
DA:90,1
DA:92,0
DA:94,1
DA:96,1
DA:97,1
DA:98,1
DA:99,1
DA:101,2
DA:108,1
DA:109,1
DA:110,1
DA:112,1
DA:114,1
DA:116,1
DA:117,1
DA:118,3
DA:119,1
DA:121,1
DA:123,1
DA:124,1
DA:125,1
DA:126,0
DA:129,0
DA:130,0
DA:133,0
DA:134,0
DA:138,0
DA:139,0
DA:140,0
DA:142,0
DA:145,0
DA:148,0
DA:149,0
DA:150,0
DA:151,0
DA:153,0
DA:155,0
DA:156,0
DA:161,1
DA:163,1
DA:172,1
DA:173,4
DA:175,5
DA:176,1
DA:177,1
DA:178,1
DA:179,4
DA:181,2
DA:187,5
DA:190,1
DA:191,1
DA:193,1
DA:195,1
DA:196,3
DA:198,1
DA:199,1
DA:201,1
DA:203,1
DA:205,1
DA:207,1
DA:208,0
DA:210,1
DA:211,1
DA:213,1
DA:215,1
DA:216,2
DA:217,1
DA:219,1
DA:220,0
DA:221,0
DA:224,0
DA:227,1
DA:228,1
DA:229,1
DA:231,1
DA:233,2
DA:234,1
DA:235,1
DA:237,1
DA:240,0
DA:241,0
DA:247,2
DA:251,0
DA:252,0
DA:254,0
DA:261,1
DA:263,1
DA:276,1
DA:278,1
DA:281,1
DA:282,1
DA:283,0
DA:284,0
DA:293,1
DA:295,2
DA:296,3
DA:299,1
DA:303,3
DA:306,0
DA:307,0
DA:308,0
DA:310,0
DA:311,0
DA:313,0
LF:140
LH:104
end_of_record
SF:lib/presentation/bloc/tv_show/list/top_rated_tv_shows_bloc.dart
DA:10,1
DA:11,2
DA:12,2
DA:13,2
DA:15,2
DA:17,1
DA:18,1
DA:19,3
DA:21,1
DA:22,2
LF:10
LH:10
end_of_record
SF:lib/presentation/pages/top_rated_tv_shows_page.dart
DA:12,1
DA:13,1
DA:17,1
DA:19,1
DA:20,2
DA:21,4
DA:24,1
DA:26,1
DA:27,1
DA:28,1
DA:30,1
DA:32,1
DA:33,1
DA:34,1
DA:35,1
DA:36,1
DA:38,1
DA:39,1
DA:40,1
DA:41,1
DA:42,1
DA:43,1
DA:45,1
DA:47,1
DA:48,1
DA:49,2
DA:52,1
LF:27
LH:27
end_of_record
SF:lib/presentation/bloc/tv_show/list/popular_tv_shows_bloc.dart
DA:10,3
DA:11,2
DA:12,2
DA:14,2
DA:16,1
DA:17,1
DA:18,3
DA:20,1
DA:21,2
LF:9
LH:9
end_of_record
SF:lib/presentation/pages/popular_tv_shows_page.dart
DA:12,1
DA:13,1
DA:17,1
DA:19,1
DA:20,2
DA:21,4
DA:24,1
DA:26,1
DA:27,1
DA:28,1
DA:30,1
DA:32,1
DA:33,1
DA:34,1
DA:35,1
DA:36,1
DA:38,1
DA:39,1
DA:40,1
DA:41,1
DA:42,1
DA:43,1
DA:45,1
DA:47,1
DA:48,1
DA:49,2
DA:52,1
LF:27
LH:27
end_of_record
SF:lib/presentation/bloc/movie/watchlist/watchlist_movies_bloc.dart
DA:11,1
DA:12,2
DA:13,2
DA:14,2
DA:16,2
DA:18,1
DA:19,0
DA:20,0
DA:22,1
DA:23,2
LF:10
LH:8
end_of_record
SF:lib/presentation/bloc/movie/watchlist/watchlist_movies_state.dart
DA:6,1
DA:8,1
DA:9,1
DA:19,1
DA:21,1
DA:22,2
DA:28,0
LF:7
LH:6
end_of_record
SF:lib/presentation/widgets/episodes_list_widget.dart
DA:7,1
DA:9,1
DA:11,1
DA:12,3
DA:13,1
DA:15,1
DA:17,1
DA:18,1
DA:19,3
DA:24,1
DA:28,1
LF:11
LH:11
end_of_record
SF:lib/presentation/bloc/movie/list/popular_movies_bloc.dart
DA:10,3
DA:11,2
DA:12,2
DA:14,2
DA:16,1
DA:17,1
DA:18,3
DA:20,1
DA:21,2
LF:9
LH:9
end_of_record
SF:lib/presentation/pages/popular_movies_page.dart
DA:12,1
DA:13,1
DA:17,1
DA:19,1
DA:20,1
DA:21,5
DA:24,1
DA:26,1
DA:27,1
DA:28,1
DA:30,1
DA:32,1
DA:33,1
DA:34,1
DA:35,1
DA:36,1
DA:38,1
DA:39,1
DA:40,1
DA:41,1
DA:42,1
DA:43,1
DA:45,1
DA:47,1
DA:48,1
DA:49,2
DA:52,1
LF:27
LH:27
end_of_record
SF:lib/presentation/bloc/tv_show/watchlist/watchlist_tv_shows_bloc.dart
DA:11,1
DA:12,2
DA:13,2
DA:14,2
DA:16,2
DA:18,1
DA:19,0
DA:20,0
DA:22,1
DA:23,2
LF:10
LH:8
end_of_record
SF:lib/presentation/bloc/tv_show/watchlist/watchlist_tv_shows_state.dart
DA:6,1
DA:8,1
DA:9,1
DA:19,1
DA:21,1
DA:22,2
DA:28,0
LF:7
LH:6
end_of_record
SF:lib/presentation/bloc/movie/search/search_bloc.dart
DA:11,3
DA:12,2
DA:13,1
DA:15,2
DA:16,2
DA:18,1
DA:19,1
DA:20,3
DA:22,1
DA:23,2
DA:26,1
DA:29,1
DA:30,3
LF:13
LH:13
end_of_record
SF:lib/presentation/bloc/movie/search/search_event.dart
DA:4,1
DA:6,0
DA:7,0
DA:13,1
DA:15,0
DA:16,0
LF:6
LH:2
end_of_record
SF:lib/presentation/bloc/movie/search/search_state.dart
DA:6,1
DA:8,1
DA:9,1
DA:19,1
DA:21,1
DA:22,2
DA:28,1
DA:30,1
DA:31,2
LF:9
LH:9
end_of_record
SF:lib/presentation/bloc/tv_show/search/search_tv_show_bloc.dart
DA:10,3
DA:11,2
DA:12,1
DA:14,2
DA:15,2
DA:17,1
DA:18,1
DA:19,3
DA:21,1
DA:22,2
DA:25,1
DA:28,1
DA:29,3
LF:13
LH:13
end_of_record
SF:lib/presentation/bloc/tv_show/search/search_tv_show_event.dart
DA:4,1
DA:6,0
DA:7,0
DA:13,1
DA:15,0
DA:16,0
LF:6
LH:2
end_of_record
SF:lib/presentation/bloc/tv_show/search/search_tv_show_state.dart
DA:5,1
DA:7,1
DA:8,1
DA:18,1
DA:20,1
DA:21,2
DA:27,1
DA:29,1
DA:30,2
LF:9
LH:9
end_of_record
SF:lib/presentation/bloc/movie/list/now_playing_movies_bloc.dart
DA:10,1
DA:11,2
DA:12,2
DA:13,2
DA:15,2
DA:17,1
DA:18,1
DA:19,3
DA:21,1
DA:22,2
LF:10
LH:10
end_of_record
